1 1 24
1 2 488
1 3 28
1 4 65
1 5 20
1 6 65
1 7 45
1 8 346
1 9 82
1 10 52
1 11 177
1 12 28
1 13 24
1 14 49
1 15 81
1 16 77
1 17 77
1 18 73
1 19 33
1 20 31
1 21 22
1 22 46
1 23 31
1 24 128
1 25 38
1 26 89
1 27 95
1 28 25
1 29 388
1 30 71
1 31 212
1 32 185
2 1 364
2 2 6
2 3 17
2 4 17
2 5 15
2 7 30
2 8 20
2 9 35
2 10 20
2 11 22
2 12 15
2 13 15
2 14 15
2 15 15
2 16 50
2 17 25
2 18 8
2 20 15
2 21 15
2 22 15
2 23 15
2 25 15
2 26 15
2 27 10
2 28 24
2 29 89
2 30 23
2 31 163
2 32 39
3 1 4
3 2 5
3 8 5
4 1 52
4 2 30
4 4 4
4 6 2
4 8 32
4 9 21
4 10 34
4 11 9
4 16 5
4 17 4
4 18 2
4 19 35
4 24 12
4 27 12
4 28 5
4 29 20
4 30 4
4 31 19
4 32 33
5 1 26
5 2 4
5 3 4
5 4 4
5 6 4
5 7 8
5 8 4
5 9 4
5 10 4
5 11 4
5 12 4
5 13 4
5 14 4
5 15 4
5 16 4
5 17 4
5 18 4
5 19 4
5 21 4
5 22 8
5 23 4
5 24 14
5 25 4
5 27 4
5 29 4
5 30 7
5 31 4
5 32 4
6 1 72
6 2 23
6 4 2
6 6 34
6 8 16
6 10 7
6 11 15
6 15 8
6 16 7
6 17 6
6 24 14
6 27 7
6 28 3
6 29 34
6 30 3
6 31 22
7 1 14
7 31 6
8 1 239
8 2 82
8 3 5
8 4 37
8 5 3
8 6 34
8 7 5
8 8 10
8 9 12
8 10 18
8 11 164
8 12 18
8 16 30
8 17 53
8 18 27
8 19 20
8 20 4
8 22 5
8 23 4
8 24 55
8 26 9
8 27 34
8 29 146
8 30 216
8 31 88
8 32 288
9 1 24
9 2 25
9 4 2
9 8 8
9 9 16
9 11 15
9 13 10
9 17 5
9 27 15
9 29 10
9 31 30
9 32 44
10 1 43
10 2 15
10 4 32
10 6 12
10 8 14
10 10 5
10 11 25
10 12 2
10 16 10
10 17 10
10 19 20
10 20 15
10 22 5
10 23 20
10 24 29
10 26 4
10 27 10
10 29 47
10 30 6
10 31 22
10 32 19
11 1 178
11 2 36
11 4 11
11 6 19
11 7 10
11 8 172
11 9 39
11 10 28
11 11 29
11 13 4
11 16 23
11 17 15
11 18 24
11 21 8
11 24 29
11 25 10
11 26 11
11 27 22
11 29 46
11 31 119
11 32 34
12 2 5
12 8 5
12 12 3
12 19 5
12 29 53
12 31 5
12 32 9
13 1 5
13 11 5
13 31 5
14 1 12
14 3 9
14 14 2
14 16 12
14 19 5
14 29 35
14 31 8
15 1 120
15 6 4
15 12 5
15 15 78
15 27 8
15 29 58
15 31 32
16 1 58
16 2 25
16 4 10
16 8 20
16 10 5
16 11 10
16 14 5
16 16 15
16 17 10
16 21 5
16 24 5
16 29 35
16 31 10
17 1 63
17 2 18
17 3 9
17 4 7
17 6 6
17 8 36
17 10 5
17 11 9
17 12 5
17 14 5
17 16 5
17 20 5
17 21 2
17 27 15
17 29 10
17 30 9
17 31 15
17 32 9
18 1 58
18 2 8
18 3 5
18 4 4
18 8 4
18 10 5
18 11 18
18 18 4
18 27 20
18 29 8
18 30 10
18 31 48
19 1 5
19 2 5
19 4 25
19 8 10
19 14 5
19 19 5
19 23 5
19 31 10
20 21 4
20 29 4
21 1 9
21 11 3
21 16 5
21 29 5
22 1 10
22 24 40
22 29 15
22 32 5
23 1 5
23 2 5
23 3 5
23 10 19
23 19 5
23 29 14
23 31 5
24 1 89
24 2 17
24 3 4
24 4 14
24 5 14
24 6 18
24 7 8
24 8 41
24 9 4
24 10 19
24 11 31
24 12 4
24 13 4
24 14 9
24 15 4
24 16 14
24 17 4
24 18 9
24 19 4
24 20 4
24 21 4
24 22 58
24 23 4
24 24 5
24 25 18
24 26 14
24 27 9
24 28 4
24 29 156
24 30 4
24 31 56
24 32 10
25 1 32
25 2 5
25 14 15
25 22 10
25 24 23
25 25 10
25 30 9
25 31 15
26 1 35
26 2 5
26 10 5
26 29 10
26 31 13
27 1 50
27 2 28
27 4 13
27 8 19
27 9 29
27 10 5
27 11 8
27 13 33
27 15 4
27 17 10
27 18 15
27 24 10
27 28 3
27 29 32
27 31 13
27 32 33
28 1 9
28 2 6
28 6 3
28 28 3
28 32 6
29 1 559
29 2 132
29 3 5
29 4 24
29 5 21
29 6 29
29 8 155
29 9 15
29 10 98
29 11 69
29 12 89
29 13 37
29 14 76
29 15 80
29 16 63
29 17 15
29 18 4
29 19 9
29 20 18
29 21 43
29 22 108
29 23 29
29 24 218
29 26 15
29 27 66
29 29 6
29 30 14
29 31 91
29 32 126
30 1 39
30 2 21
30 4 6
30 5 3
30 6 3
30 8 140
30 10 7
30 12 2
30 17 9
30 18 5
30 27 2
30 29 18
30 30 2
30 31 20
30 32 8
31 1 82
31 2 125
31 3 10
31 4 22
31 5 10
31 6 15
31 7 18
31 8 70
31 9 35
31 10 23
31 11 114
31 12 20
31 13 16
31 14 15
31 15 24
31 16 30
31 17 28
31 18 49
31 19 30
31 20 5
31 21 5
31 22 15
31 23 8
31 24 53
31 25 25
31 26 8
31 27 21
31 28 8
31 29 65
31 30 28
31 32 67
32 1 239
32 2 99
32 4 27
32 5 3
32 8 268
32 9 101
32 10 18
32 11 35
32 12 4
32 17 7
32 22 14
32 24 5
32 27 50
32 28 6
32 29 71
32 30 7
32 31 107
32 32 219