1 2 4
1 3 2
1 6 2
1 8 2
1 10 2
1 11 2
1 13 3
1 14 3
1 18 2
1 19 3
1 20 2
1 21 3
1 22 2
1 23 2
1 24 2
1 25 2
1 26 3
1 27 2
1 31 2
1 32 2
1 33 2
1 35 2
1 36 2
1 37 2
1 38 2
1 39 3
1 40 2
1 41 2
1 42 3
1 43 2
1 44 4
1 45 3
1 46 3
2 1 4
2 3 2
2 6 2
2 8 1
2 10 2
2 11 2
2 13 3
2 14 4
2 18 2
2 19 3
2 21 2
2 22 2
2 23 2
2 24 2
2 25 2
2 26 2
2 27 2
2 32 2
2 33 2
2 35 2
2 36 2
2 37 2
2 38 2
2 39 2
2 40 2
2 41 2
2 42 2
2 43 3
2 44 4
2 45 4
2 46 2
3 1 3
3 2 1
3 6 4
3 8 1
3 13 2
3 18 2
3 19 4
3 20 4
3 22 4
3 23 1
3 24 2
3 25 2
3 26 2
3 27 1
3 31 1
3 32 2
3 33 2
3 35 2
3 36 4
3 37 2
3 39 2
3 41 1
3 42 1
3 43 1
6 1 2
6 2 2
6 3 2
6 8 2
6 10 2
6 13 2
6 14 2
6 18 3
6 19 2
6 20 2
6 21 1
6 22 2
6 23 2
6 24 2
6 26 2
6 27 4
6 31 1
6 32 2
6 33 2
6 35 2
6 36 2
6 37 2
6 38 2
6 39 2
6 40 2
6 41 2
6 42 2
6 43 2
6 44 2
6 46 2
8 1 3
8 6 2
8 13 2
8 14 3
8 18 2
8 19 2
8 20 1
8 22 2
8 23 1
8 24 2
8 25 2
8 27 1
8 32 2
8 33 2
8 35 2
8 37 2
8 38 1
8 40 1
8 41 2
8 42 2
8 44 2
8 45 2
10 1 4
10 2 2
10 13 3
10 18 2
10 19 2
10 22 2
10 23 2
10 24 2
10 27 2
10 31 2
10 33 2
10 37 3
10 39 2
10 40 2
10 41 2
10 42 3
10 44 4
10 45 2
10 46 3
11 1 3
11 2 2
11 3 1
11 13 2
11 14 2
11 19 1
11 21 3
11 41 2
13 1 3
13 2 2
13 3 2
13 6 2
13 8 2
13 10 2
13 11 1
13 14 1
13 18 2
13 19 4
13 20 1
13 21 2
13 22 2
13 23 2
13 24 2
13 25 2
13 26 2
13 27 2
13 32 2
13 33 2
13 35 2
13 36 2
13 37 2
13 38 2
13 40 2
13 41 1
13 42 2
13 43 2
13 44 2
13 45 4
13 46 2
14 1 3
14 2 4
14 8 2
14 13 2
14 19 2
14 21 2
14 22 1
14 24 1
14 25 2
14 33 2
14 35 2
14 40 3
14 42 1
14 44 2
14 45 4
14 46 2
18 1 3
18 3 2
18 6 3
18 8 2
18 11 1
18 13 2
18 14 1
18 19 2
18 20 3
18 21 2
18 22 1
18 23 2
18 24 2
18 25 2
18 26 2
18 27 2
18 31 2
18 32 4
18 33 2
18 35 2
18 36 4
18 37 2
18 38 2
18 40 2
18 41 2
18 42 3
18 43 2
18 44 2
18 45 1
19 1 3
19 2 2
19 3 2
19 6 2
19 8 2
19 10 2
19 13 4
19 14 2
19 18 2
19 21 2
19 22 2
19 23 2
19 24 2
19 25 2
19 26 2
19 27 2
19 31 2
19 32 2
19 33 2
19 35 2
19 36 1
19 37 2
19 38 2
19 40 2
19 41 2
19 42 2
19 44 3
19 45 3
19 46 2
20 1 2
20 3 1
20 6 2
20 11 1
20 13 1
20 18 3
20 22 2
20 23 1
20 24 1
20 27 2
20 31 2
20 32 3
20 33 2
20 35 1
20 36 1
20 37 1
20 38 2
20 41 1
20 43 1
20 44 2
20 45 2
20 46 2
21 1 3
21 2 3
21 3 1
21 6 2
21 8 1
21 11 3
21 13 3
21 14 2
21 18 1
21 19 2
21 22 1
21 23 1
21 24 2
21 26 2
21 27 2
21 31 1
21 32 1
21 33 2
21 35 2
21 36 1
21 39 2
21 40 4
21 41 2
21 42 2
21 43 2
21 44 3
21 45 3
22 1 3
22 2 2
22 3 4
22 6 3
22 8 3
22 13 3
22 18 2
22 19 2
22 20 3
22 21 2
22 23 3
22 24 4
22 25 4
22 26 2
22 27 3
22 31 3
22 32 3
22 33 3
22 35 4
22 36 3
22 37 3
22 38 3
22 39 2
22 40 2
22 41 3
22 42 4
22 43 3
22 44 3
22 45 2
22 46 2
23 1 3
23 2 2
23 3 2
23 6 3
23 8 1
23 13 2
23 14 2
23 18 2
23 19 2
23 20 2
23 22 3
23 24 2
23 25 2
23 27 2
23 31 4
23 32 1
23 33 2
23 35 2
23 36 2
23 37 2
23 38 2
23 40 1
23 42 3
23 44 3
23 45 1
24 1 2
24 2 2
24 3 2
24 6 2
24 8 3
24 10 2
24 13 3
24 14 1
24 18 2
24 19 2
24 22 3
24 23 2
24 25 2
24 27 2
24 31 2
24 32 2
24 33 4
24 35 3
24 37 2
24 38 2
24 39 2
24 40 1
24 41 1
24 42 2
24 44 2
24 45 2
24 46 2
25 1 3
25 2 2
25 3 3
25 6 1
25 8 2
25 13 3
25 14 2
25 18 1
25 19 3
25 20 1
25 21 1
25 22 3
25 23 2
25 24 3
25 26 1
25 27 1
25 32 3
25 33 3
25 35 3
25 37 2
25 39 1
25 40 2
25 41 1
25 42 2
25 43 2
25 44 2
25 45 2
25 46 1
26 1 4
26 2 2
26 3 2
26 11 1
26 13 2
26 19 2
26 21 1
26 22 2
26 39 2
26 40 2
26 42 2
26 43 2
26 44 4
26 45 1
26 46 2
27 1 2
27 3 2
27 6 4
27 8 1
27 13 2
27 18 2
27 20 2
27 22 2
27 23 2
27 24 1
27 32 2
27 33 2
27 35 3
27 36 2
27 37 2
27 38 2
27 39 2
27 41 2
27 42 2
27 43 1
27 44 2
27 46 2
31 1 1
31 3 2
31 6 1
31 8 1
31 18 2
31 19 2
31 20 2
31 22 2
31 23 2
31 24 2
31 32 1
31 35 3
31 36 1
31 37 3
31 38 2
31 42 1
32 1 2
32 2 2
32 3 2
32 6 2
32 8 2
32 13 2
32 18 3
32 19 2
32 20 2
32 22 3
32 23 1
32 24 2
32 25 2
32 27 2
32 31 1
32 33 3
32 35 4
32 36 2
32 37 3
32 38 3
32 41 2
32 42 3
32 43 1
33 1 3
33 2 3
33 3 2
33 6 2
33 8 2
33 13 3
33 14 1
33 18 2
33 19 3
33 20 2
33 22 2
33 23 3
33 24 4
33 25 3
33 27 2
33 31 2
33 32 2
33 35 3
33 36 2
33 37 2
33 38 3
33 40 1
33 41 2
33 42 2
33 43 1
33 45 1
35 1 2
35 2 2
35 3 2
35 6 3
35 13 2
35 14 3
35 18 2
35 19 2
35 22 3
35 23 2
35 24 3
35 25 2
35 27 3
35 32 3
35 33 3
35 37 4
35 38 2
35 41 2
35 42 4
35 45 2
36 1 3
36 2 2
36 3 4
36 6 3
36 13 2
36 18 4
36 20 1
36 22 3
36 23 1
36 24 1
36 27 3
36 31 1
36 32 2
36 33 1
36 35 1
36 37 2
36 38 2
36 41 2
36 42 3
36 43 2
36 44 2
36 46 2
37 1 3
37 2 2
37 3 2
37 6 2
37 8 3
37 10 2
37 13 3
37 14 2
37 18 2
37 19 3
37 20 2
37 21 2
37 22 3
37 23 2
37 24 3
37 25 2
37 26 2
37 27 2
37 31 4
37 32 3
37 33 3
37 35 4
37 36 2
37 38 3
37 40 2
37 41 3
37 42 3
37 43 2
37 44 2
37 45 2
37 46 2
38 1 2
38 2 2
38 3 2
38 6 3
38 8 1
38 13 3
38 18 3
38 19 2
38 20 2
38 22 3
38 23 2
38 24 3
38 27 2
38 31 3
38 32 3
38 33 3
38 35 3
38 36 3
38 37 3
38 41 1
38 42 2
39 1 4
39 2 1
39 3 2
39 6 1
39 8 1
39 11 1
39 13 1
39 18 1
39 19 1
39 20 1
39 21 2
39 22 2
39 23 1
39 24 1
39 26 3
39 27 2
39 32 1
39 33 1
39 35 2
39 36 1
39 37 2
39 38 1
39 41 2
39 42 2
39 44 3
39 46 1
40 1 3
40 2 2
40 3 2
40 6 2
40 8 2
40 10 2
40 13 3
40 14 3
40 18 2
40 19 2
40 21 4
40 22 1
40 23 2
40 24 2
40 25 2
40 26 2
40 27 2
40 32 1
40 33 2
40 35 2
40 36 1
40 37 2
40 42 2
40 43 2
40 44 2
40 45 2
40 46 2
41 1 3
41 2 2
41 6 3
41 13 2
41 18 1
41 19 1
41 21 2
41 22 2
41 23 2
41 24 2
41 27 3
41 32 2
41 33 2
41 35 3
41 37 2
41 38 1
41 39 2
41 40 1
41 42 2
41 44 2
41 45 2
41 46 2
42 1 3
42 2 2
42 3 2
42 6 3
42 8 2
42 10 2
42 13 3
42 18 3
42 19 2
42 20 3
42 21 2
42 22 4
42 23 3
42 24 2
42 25 2
42 26 2
42 27 2
42 32 3
42 33 2
42 35 4
42 36 2
42 37 4
42 39 2
42 40 2
42 41 2
42 43 2
42 44 3
42 45 2
42 46 4
43 1 3
43 2 3
43 3 1
43 6 2
43 10 2
43 13 3
43 18 2
43 19 2
43 21 2
43 22 2
43 24 2
43 25 2
43 26 2
43 27 2
43 32 2
43 33 2
43 35 2
43 37 2
43 38 2
43 40 3
43 41 2
43 42 3
43 44 3
43 45 3
43 46 2
44 1 4
44 2 4
44 3 2
44 6 2
44 8 2
44 10 3
44 11 2
44 13 2
44 14 2
44 18 2
44 19 3
44 20 2
44 21 3
44 22 2
44 23 3
44 24 2
44 25 2
44 26 3
44 27 2
44 31 2
44 32 2
44 33 2
44 35 2
44 36 2
44 37 2
44 38 2
44 39 2
44 40 2
44 41 2
44 42 3
44 43 2
44 45 4
44 46 3
45 1 4
45 2 4
45 6 2
45 8 2
45 10 2
45 13 4
45 14 4
45 18 2
45 19 3
45 21 2
45 22 1
45 24 3
45 25 2
45 32 1
45 33 2
45 35 3
45 36 1
45 37 1
45 39 2
45 40 2
45 41 1
45 42 3
45 43 2
45 44 4
45 46 3
46 1 3
46 2 2
46 6 1
46 8 1
46 10 2
46 13 3
46 14 2
46 18 2
46 19 2
46 24 2
46 25 2
46 27 1
46 37 2
46 42 4
46 44 3
46 45 3